#
# There is insufficient memory for the Java Runtime Environment to continue.
# Native memory allocation (malloc) failed to allocate 1048576 bytes. Error detail: AllocateHeap
# Possible reasons:
#   The system is out of physical RAM or swap space
#   This process is running with CompressedOops enabled, and the Java Heap may be blocking the growth of the native heap
# Possible solutions:
#   Reduce memory load on the system
#   Increase physical memory or swap space
#   Check if swap backing store is full
#   Decrease Java heap size (-Xmx/-Xms)
#   Decrease number of Java threads
#   Decrease Java thread stack sizes (-Xss)
#   Set larger code cache with -XX:ReservedCodeCacheSize=
#   JVM is running with Unscaled Compressed Oops mode in which the Java heap is
#     placed in the first 4GB address space. The Java Heap base address is the
#     maximum limit for the native heap growth. Please use -XX:HeapBaseMinAddress
#     to set the Java Heap base and to place the Java Heap above 4GB virtual address.
# This output file may be truncated or incomplete.
#
#  Out of Memory Error (allocation.cpp:41), pid=16588, tid=17248
#
# JRE version: OpenJDK Runtime Environment (26.0.1+8) (build 26.0.1+8-34)
# Java VM: OpenJDK 64-Bit Server VM (26.0.1+8-34, mixed mode, sharing, tiered, compressed oops, compressed class ptrs, parallel gc, windows-amd64)
# No core dump will be written. Minidumps are not enabled by default on client versions of Windows
#

---------------  S U M M A R Y ------------

Command Line: -Djdk.xml.maxGeneralEntitySizeLimit=0 -Djdk.xml.totalEntitySizeLimit=0 --add-modules=ALL-SYSTEM --add-opens=java.base/java.util=ALL-UNNAMED --add-opens=java.base/java.lang=ALL-UNNAMED --add-opens=java.base/sun.nio.fs=ALL-UNNAMED -Declipse.application=org.eclipse.jdt.ls.core.id1 -Dosgi.bundles.defaultStartLevel=4 -Declipse.product=org.eclipse.jdt.ls.core.product -Djava.import.generatesMetadataFilesAtProjectRoot=false -DDetectVMInstallationsJob.disabled=true -Dfile.encoding=utf8 -XX:+UseParallelGC -XX:GCTimeRatio=4 -XX:AdaptiveSizePolicyWeight=90 -Dsun.zip.disableMemoryMapping=true -Xmx2G -Xms100m -Xlog:disable -javaagent:c:\Users\GUANTA\.vscode\extensions\redhat.java-1.55.0-win32-x64\lombok\lombok-1.18.39-4050.jar -XX:+HeapDumpOnOutOfMemoryError -XX:HeapDumpPath=c:\Users\GUANTA\AppData\Roaming\Code\User\workspaceStorage\f5468de67e34fb5035a42f7f67ba2b17\redhat.java -Daether.dependencyCollector.impl=bf c:\Users\GUANTA\.vscode\extensions\redhat.java-1.55.0-win32-x64\server\plugins\org.eclipse.equinox.launcher_1.7.200.v20260619-2039.jar -configuration c:\Users\GUANTA\AppData\Roaming\Code\User\globalStorage\redhat.java\1.55.0\config_win -data c:\Users\GUANTA\AppData\Roaming\Code\User\workspaceStorage\f5468de67e34fb5035a42f7f67ba2b17\redhat.java\jdt_ws --pipe=\\.\pipe\lsp-1ff6ed96681bdb90d3c7d19a32decda7-sock

Host: AMD Ryzen 5 5600X 6-Core Processor             , 12 cores, 15G,  Windows 11 , 64 bit Build 26100 (10.0.26100.8521)
Time: Sat Jun 27 00:07:04 2026 Hora estándar de Argentina elapsed time: 4057.124120 seconds (0d 1h 7m 37s)

---------------  T H R E A D  ---------------

Current thread (0x0000013ce036ce20):  JavaThread "Attach Listener" daemon [_thread_in_vm, id=17248, stack(0x000000092ef00000,0x000000092f000000) (1024K)]

Stack: [0x000000092ef00000,0x000000092f000000]
Native frames: (J=compiled Java code, j=interpreted, Vv=VM code, C=native code)
V  [jvm.dll+0x7d5879]  (no source info available)
V  [jvm.dll+0x7a37dd]  (no source info available)
V  [jvm.dll+0x9b0c10]  (no source info available)
V  [jvm.dll+0x9b3061]  (no source info available)
V  [jvm.dll+0x9b3773]  (no source info available)
V  [jvm.dll+0x30df76]  (no source info available)
V  [jvm.dll+0xf1097]  (no source info available)
V  [jvm.dll+0x7d940f]  (no source info available)
V  [jvm.dll+0x1a81a7]  (no source info available)
V  [jvm.dll+0x4a3ff1]  (no source info available)
V  [jvm.dll+0x94f649]  (no source info available)
V  [jvm.dll+0x7d7358]  (no source info available)
C  [ucrtbase.dll+0x2cd30]  (no source info available)
C  [KERNEL32.DLL+0x2e957]  (no source info available)
C  [ntdll.dll+0x87c1c]  (no source info available)

Lock stack of current Java thread (top to bottom):


---------------  P R O C E S S  ---------------

Threads class SMR info:
_java_thread_list=0x0000013cfc81add0, length=45, elements={
0x0000013ce02b9ae0, 0x0000013ce0368200, 0x0000013ce0368f30, 0x0000013ce036c520,
0x0000013ce036ce20, 0x0000013ce036e420, 0x0000013cfa2fe900, 0x0000013cfa304130,
0x0000013cfa326030, 0x0000013cfc703ac0, 0x0000013cfcc0ec10, 0x0000013cfcff29f0,
0x0000013cfd2d41d0, 0x0000013cfcf89e50, 0x0000013cfd199950, 0x0000013cfd703460,
0x0000013cfcc8d150, 0x0000013cfcc8d920, 0x0000013cfd1f2830, 0x0000013cfd1f9590,
0x0000013cfe3845c0, 0x0000013cfe383620, 0x0000013cfe384d90, 0x0000013cfe385560,
0x0000013cfe382e50, 0x0000013cfe385d30, 0x0000013cfe386cd0, 0x0000013cfe383df0,
0x0000013cfe387c70, 0x0000013cfd63f1f0, 0x0000013cfd63e250, 0x0000013cfd63f9c0,
0x0000013cfd63cae0, 0x0000013cfd641130, 0x0000013cfd641900, 0x0000013cfe908460,
0x0000013c905c2840, 0x0000013c86bb9330, 0x0000013c86bbc9e0, 0x0000013cfe8a1aa0,
0x0000013cfe8a0b00, 0x0000013c86f54f80, 0x0000013c86bbe920, 0x0000013c86bba2d0,
0x0000013c86bbba40
}

Java Threads: ( => current thread )
  0x0000013ce02b9ae0 JavaThread "main"                              [_thread_blocked, id=17108, stack(0x000000092e800000,0x000000092e900000) (1024K)]
  0x0000013ce0368200 JavaThread "Reference Handler"          daemon [_thread_blocked, id=4468, stack(0x000000092ec00000,0x000000092ed00000) (1024K)]
  0x0000013ce0368f30 JavaThread "Finalizer"                  daemon [_thread_blocked, id=11908, stack(0x000000092ed00000,0x000000092ee00000) (1024K)]
  0x0000013ce036c520 JavaThread "Signal Dispatcher"          daemon [_thread_blocked, id=14696, stack(0x000000092ee00000,0x000000092ef00000) (1024K)]
=>0x0000013ce036ce20 JavaThread "Attach Listener"            daemon [_thread_in_vm, id=17248, stack(0x000000092ef00000,0x000000092f000000) (1024K)]
  0x0000013ce036e420 JavaThread "Service Thread"             daemon [_thread_blocked, id=4676, stack(0x000000092f000000,0x000000092f100000) (1024K)]
  0x0000013cfa2fe900 JavaThread "Monitor Deflation Thread"   daemon [_thread_blocked, id=18776, stack(0x000000092f100000,0x000000092f200000) (1024K)]
  0x0000013cfa304130 JavaThread "C2 CompilerThread0"         daemon [_thread_blocked, id=14472, stack(0x000000092f200000,0x000000092f300000) (1024K)]
  0x0000013cfa326030 JavaThread "C1 CompilerThread0"         daemon [_thread_blocked, id=13212, stack(0x000000092f300000,0x000000092f400000) (1024K)]
  0x0000013cfc703ac0 JavaThread "Common-Cleaner"             daemon [_thread_blocked, id=4540, stack(0x000000092f500000,0x000000092f600000) (1024K)]
  0x0000013cfcc0ec10 JavaThread "Notification Thread"        daemon [_thread_blocked, id=24564, stack(0x000000092f600000,0x000000092f700000) (1024K)]
  0x0000013cfcff29f0 JavaThread "Active Thread: Equinox Container: e582615b-c79c-4cd3-80ca-ea7cd6f51a6d"        [_thread_blocked, id=12980, stack(0x000000092fb00000,0x000000092fc00000) (1024K)]
  0x0000013cfd2d41d0 JavaThread "Framework Event Dispatcher: Equinox Container: e582615b-c79c-4cd3-80ca-ea7cd6f51a6d" daemon [_thread_blocked, id=17032, stack(0x000000092fc00000,0x000000092fd00000) (1024K)]
  0x0000013cfcf89e50 JavaThread "Start Level: Equinox Container: e582615b-c79c-4cd3-80ca-ea7cd6f51a6d" daemon [_thread_blocked, id=14364, stack(0x000000092fd00000,0x000000092fe00000) (1024K)]
  0x0000013cfd199950 JavaThread "Bundle File Closer"         daemon [_thread_blocked, id=16992, stack(0x0000000930000000,0x0000000930100000) (1024K)]
  0x0000013cfd703460 JavaThread "SCR Component Actor"        daemon [_thread_blocked, id=10820, stack(0x000000092f400000,0x000000092f500000) (1024K)]
  0x0000013cfcc8d150 JavaThread "Worker-JM"                         [_thread_blocked, id=19912, stack(0x0000000930100000,0x0000000930200000) (1024K)]
  0x0000013cfcc8d920 JavaThread "JNA Cleaner"                daemon [_thread_blocked, id=7824, stack(0x0000000930400000,0x0000000930500000) (1024K)]
  0x0000013cfd1f2830 JavaThread "Java indexing"              daemon [_thread_blocked, id=24300, stack(0x0000000930a00000,0x0000000930b00000) (1024K)]
  0x0000013cfd1f9590 JavaThread "InnocuousThread-1"          daemon [_thread_in_native, id=18724, stack(0x0000000930f00000,0x0000000931000000) (1024K)]
  0x0000013cfe3845c0 JavaThread "InnocuousThread-2"          daemon [_thread_in_native, id=19496, stack(0x0000000931000000,0x0000000931100000) (1024K)]
  0x0000013cfe383620 JavaThread "InnocuousThread-3"          daemon [_thread_in_native, id=22720, stack(0x0000000931100000,0x0000000931200000) (1024K)]
  0x0000013cfe384d90 JavaThread "InnocuousThread-4"          daemon [_thread_in_native, id=2448, stack(0x0000000931200000,0x0000000931300000) (1024K)]
  0x0000013cfe385560 JavaThread "InnocuousThread-5"          daemon [_thread_in_native, id=14432, stack(0x0000000931300000,0x0000000931400000) (1024K)]
  0x0000013cfe382e50 JavaThread "InnocuousThread-6"          daemon [_thread_in_native, id=21168, stack(0x0000000931400000,0x0000000931500000) (1024K)]
  0x0000013cfe385d30 JavaThread "InnocuousThread-7"          daemon [_thread_in_native, id=22060, stack(0x0000000931500000,0x0000000931600000) (1024K)]
  0x0000013cfe386cd0 JavaThread "InnocuousThread-8"          daemon [_thread_in_native, id=3848, stack(0x0000000931600000,0x0000000931700000) (1024K)]
  0x0000013cfe383df0 JavaThread "InnocuousThread-9"          daemon [_thread_in_native, id=7348, stack(0x0000000931700000,0x0000000931800000) (1024K)]
  0x0000013cfe387c70 JavaThread "InnocuousThread-10"         daemon [_thread_in_native, id=21568, stack(0x0000000931800000,0x0000000931900000) (1024K)]
  0x0000013cfd63f1f0 JavaThread "InnocuousThread-11"         daemon [_thread_in_native, id=23448, stack(0x0000000931900000,0x0000000931a00000) (1024K)]
  0x0000013cfd63e250 JavaThread "InnocuousThread-12"         daemon [_thread_in_native, id=22172, stack(0x0000000931a00000,0x0000000931b00000) (1024K)]
  0x0000013cfd63f9c0 JavaThread "InnocuousThread-13"         daemon [_thread_in_native, id=5832, stack(0x0000000931b00000,0x0000000931c00000) (1024K)]
  0x0000013cfd63cae0 JavaThread "pool-2-thread-1"                   [_thread_blocked, id=8060, stack(0x0000000931c00000,0x0000000931d00000) (1024K)]
  0x0000013cfd641130 JavaThread "WorkspaceEventsHandler"            [_thread_blocked, id=16464, stack(0x0000000931e00000,0x0000000931f00000) (1024K)]
  0x0000013cfd641900 JavaThread "pool-1-thread-1"                   [_thread_blocked, id=21620, stack(0x0000000931f00000,0x0000000932000000) (1024K)]
  0x0000013cfe908460 JavaThread "InnocuousThread-14"         daemon [_thread_blocked, id=14800, stack(0x0000000933200000,0x0000000933300000) (1024K)]
  0x0000013c905c2840 JavaThread "Cleaner-0"                  daemon [_thread_blocked, id=22180, stack(0x0000000932d00000,0x0000000932e00000) (1024K)]
  0x0000013c86bb9330 JavaThread "VirtualThread-unblocker"    daemon [_thread_blocked, id=7556, stack(0x0000000932e00000,0x0000000932f00000) (1024K)]
  0x0000013c86bbc9e0 JavaThread "Java Debug Server"          daemon [_thread_in_native, id=21948, stack(0x0000000933600000,0x0000000933700000) (1024K)]
  0x0000013cfe8a1aa0 JavaThread "RxSchedulerPurge-1"         daemon [_thread_blocked, id=14824, stack(0x0000000933100000,0x0000000933200000) (1024K)]
  0x0000013cfe8a0b00 JavaThread "RxCachedWorkerPoolEvictor-1" daemon [_thread_blocked, id=23924, stack(0x0000000933300000,0x0000000933400000) (1024K)]
  0x0000013c86f54f80 JavaThread "Worker-13"                         [_thread_blocked, id=19696, stack(0x000000092e700000,0x000000092e800000) (1024K)]
  0x0000013c86bbe920 JavaThread "Worker-21"                         [_thread_blocked, id=21604, stack(0x0000000930500000,0x0000000930600000) (1024K)]
  0x0000013c86bba2d0 JavaThread "Worker-23"                         [_thread_blocked, id=24500, stack(0x000000092e500000,0x000000092e600000) (1024K)]
  0x0000013c86bbba40 JavaThread "Worker-24"                         [_thread_blocked, id=20744, stack(0x000000092e600000,0x000000092e700000) (1024K)]
Total: 45

Other Threads:
  0x0000013ce03552f0 VMThread "VM Thread"                           [id=18128, stack(0x000000092eb00000,0x000000092ec00000) (1024K)]
  0x0000013ce02e20b0 WatcherThread "VM Periodic Task Thread"        [id=9024, stack(0x000000092ea00000,0x000000092eb00000) (1024K)]
  0x0000013ce02dca20 WorkerThread "GC Thread#0"                     [id=6216, stack(0x000000092e900000,0x000000092ea00000) (1024K)]
  0x0000013cfcd88740 WorkerThread "GC Thread#1"                     [id=6564, stack(0x000000092f800000,0x000000092f900000) (1024K)]
  0x0000013cfd03c200 WorkerThread "GC Thread#2"                     [id=18896, stack(0x000000092f900000,0x000000092fa00000) (1024K)]
  0x0000013cfcee99d0 WorkerThread "GC Thread#3"                     [id=19468, stack(0x000000092fa00000,0x000000092fb00000) (1024K)]
  0x0000013cfd3e0c70 WorkerThread "GC Thread#4"                     [id=20784, stack(0x000000092fe00000,0x000000092ff00000) (1024K)]
  0x0000013cfd18d8e0 WorkerThread "GC Thread#5"                     [id=18248, stack(0x000000092ff00000,0x0000000930000000) (1024K)]
  0x0000013cfce77aa0 WorkerThread "GC Thread#6"                     [id=5960, stack(0x0000000930200000,0x0000000930300000) (1024K)]
  0x0000013cfce79030 WorkerThread "GC Thread#7"                     [id=17916, stack(0x0000000930300000,0x0000000930400000) (1024K)]
  0x0000013cfce79480 WorkerThread "GC Thread#8"                     [id=22936, stack(0x0000000930700000,0x0000000930800000) (1024K)]
  0x0000013cfd968320 WorkerThread "GC Thread#9"                     [id=20364, stack(0x0000000930800000,0x0000000930900000) (1024K)]
Total: 12

Threads with active compile tasks:
Total: 0

VM state: not at safepoint (normal execution)

VM Mutex/Monitor currently owned by a thread: None

Heap address: 0x0000000080000000, size: 2048 MB, Compressed Oops mode: 32-bit

CDS archive(s) mapped at: [0x0000000021000000-0x0000000021de0000-0x0000000021de0000), size 14548992, SharedBaseAddress: 0x0000000021000000, ArchiveRelocationMode: 1.
Compressed class space mapped at: 0x0000000022000000-0x0000000062000000, reserved size: 1073741824
UseCompressedClassPointers 1, UseCompactObjectHeaders 0
Narrow klass pointer bits 32, Max shift 3
Narrow klass base: 0x0000000021000000, Narrow klass shift: 0
Encoding Range: [0x0000000021000000 - 0x0000000121000000), (4294967296 bytes)
Klass Range:    [0x0000000021000000 - 0x0000000062000000), (1090519040 bytes)
Klass ID Range:  [8 - 1090519033) (1090519025)
Protection zone: [0x0000000021000000 - 0x0000000021010000), (65536 bytes)

GC Precious Log:
 CardTable entry size: 512
 CPUs: 12 total, 12 available
 Memory: 16309M
 Large Page Support: Disabled
 NUMA Support: Disabled
 Compressed Oops: Enabled (32-bit)
 Alignments: Space 512K, Heap 2M
 Heap Min Capacity: 100M
 Heap Initial Capacity: 100M
 Heap Max Capacity: 2G
 Pre-touch: Disabled
 Parallel Workers: 10

Heap:
 PSYoungGen      total 164864K, used 124684K [0x00000000d5580000, 0x00000000e0e00000, 0x0000000100000000)
  eden space 140800K, 71% used [0x00000000d8480000,0x00000000de6c4e40,0x00000000e0e00000)
  from space 24064K, 99% used [0x00000000d6d00000,0x00000000d847e4a0,0x00000000d8480000)
  to   space 24064K, 0% used [0x00000000d5580000,0x00000000d5580000,0x00000000d6d00000)
 ParOldGen       total 81408K, used 81083K [0x0000000080000000, 0x0000000084f80000, 0x00000000d5580000)
  object space 81408K, 99% used [0x0000000080000000,0x0000000084f2ed30,0x0000000084f80000)

Card table byte_map: [0x0000013cdfdd0000,0x0000013ce01d0000] _byte_map_base: 0x0000013cdf9d0000

Marking Bits: (ParMarkBitMap*) 0x00007ff884904390
 Begin Bits: [0x0000013cf8220000, 0x0000013cfa220000)

Polling page: 0x0000013cde080000

Metaspace:
Metaspace        used 89196K, committed 91072K, reserved 1179648K
 class space     used 9895K, committed 10688K, reserved 1048576K

Usage:
  Non-class:     77.44 MB used.
      Class:      9.66 MB used.
       Both:     87.11 MB used.

Virtual space:
  Non-class space:      128.00 MB reserved,      78.50 MB ( 61%) committed,  2 nodes.
      Class space:        1.00 GB reserved,      10.44 MB (  1%) committed,  1 nodes.
             Both:        1.12 GB reserved,      88.94 MB (  8%) committed. 

Chunk freelists:
   Non-Class:  774.00 KB
       Class:  5.45 MB
        Both:  6.21 MB

MaxMetaspaceSize: unlimited
CompressedClassSpaceSize: 1.00 GB
Initial GC threshold: 21.00 MB
Current GC threshold: 97.31 MB
CDS: on
 - commit_granule_bytes: 65536.
 - commit_granule_words: 8192.
 - virtual_space_node_default_size: 8388608.
 - enlarge_chunks_in_place: 1.
UseCompressedClassPointers 1, UseCompactObjectHeaders 0
Narrow klass pointer bits 32, Max shift 3
Narrow klass base: 0x0000000021000000, Narrow klass shift: 0
Encoding Range: [0x0000000021000000 - 0x0000000121000000), (4294967296 bytes)
Klass Range:    [0x0000000021000000 - 0x0000000062000000), (1090519040 bytes)
Klass ID Range:  [8 - 1090519033) (1090519025)
Protection zone: [0x0000000021000000 - 0x0000000021010000), (65536 bytes)


Internal statistics:

num_allocs_failed_limit: 9.
num_arena_births: 1336.
num_arena_deaths: 22.
num_vsnodes_births: 3.
num_vsnodes_deaths: 0.
num_space_committed: 1423.
num_space_uncommitted: 0.
num_chunks_returned_to_freelist: 35.
num_chunks_taken_from_freelist: 5397.
num_chunk_merges: 19.
num_chunk_splits: 3331.
num_chunks_enlarged: 2048.
num_inconsistent_stats: 0.

CodeHeap 'non-profiled nmethods': size=120064Kb used=9807Kb max_used=9807Kb free=110256Kb
 bounds [0x0000013cf0a30000, 0x0000013cf13d0000, 0x0000013cf7f70000]
CodeHeap 'profiled nmethods': size=120064Kb used=31985Kb max_used=31985Kb free=88078Kb
 bounds [0x0000013ce8f50000, 0x0000013ceae90000, 0x0000013cf0490000]
CodeHeap 'non-nmethods': size=5760Kb used=1629Kb max_used=1723Kb free=4130Kb
 bounds [0x0000013cf0490000, 0x0000013cf0700000, 0x0000013cf0a30000]
CodeCache: size=245888Kb, used=43421Kb, max_used=43515Kb, free=202464Kb
 total_blobs=18801, nmethods=17918, adapters=784, full_count=0
Compilation: enabled, stopped_count=0, restarted_count=0

Compilation events (20 events):
Event: 3928.273 Thread 0x0000013cfa326030 18670       3       java.util.AbstractList$SubList::iterator (5 bytes)
Event: 3928.273 Thread 0x0000013cfa304130 18675       4       java.util.LinkedList$ListItr::<init> (52 bytes)
Event: 3928.273 Thread 0x0000013cfa326030 nmethod 18670 0x0000013ceae88408 code [0x0000013ceae88500, 0x0000013ceae88b90]
Event: 3928.273 Thread 0x0000013cfa326030 18671       3       java.util.AbstractList$SubList::listIterator (19 bytes)
Event: 3928.273 Thread 0x0000013cfa326030 nmethod 18671 0x0000013ceae88c08 code [0x0000013ceae88d00, 0x0000013ceae891e0]
Event: 3928.273 Thread 0x0000013cfa326030 18672       3       java.util.AbstractList$SubList::checkForComodification (23 bytes)
Event: 3928.273 Thread 0x0000013cfa326030 nmethod 18672 0x0000013ceae89208 code [0x0000013ceae89300, 0x0000013ceae89510]
Event: 3928.273 Thread 0x0000013cfa326030 18673       3       java.util.AbstractList$SubList::rangeCheckForAdd (26 bytes)
Event: 3928.273 Thread 0x0000013cfa326030 nmethod 18673 0x0000013ceae89588 code [0x0000013ceae89680, 0x0000013ceae8a1a0]
Event: 3928.273 Thread 0x0000013cfa326030 18674       3       java.util.AbstractList$SubList$1::<init> (46 bytes)
Event: 3928.274 Thread 0x0000013cfa326030 nmethod 18674 0x0000013ceae8a208 code [0x0000013ceae8a300, 0x0000013ceae8a6d0]
Event: 3928.275 Thread 0x0000013cfa304130 nmethod 18675 0x0000013cf13c3688 code [0x0000013cf13c3780, 0x0000013cf13c38c8]
Event: 3928.275 Thread 0x0000013cfa304130 18676       4       java.util.LinkedList::listIterator (15 bytes)
Event: 3928.276 Thread 0x0000013cfa326030 18677       3       org.eclipse.core.internal.jobs.DeadlockDetector::lockAcquired (99 bytes)
Event: 3928.276 Thread 0x0000013cfa326030 nmethod 18677 0x0000013ceae8a708 code [0x0000013ceae8a800, 0x0000013ceae8b0c0]
Event: 3928.277 Thread 0x0000013cfa326030 18678       3       org.eclipse.core.internal.jobs.JobManager::endJob (76 bytes)
Event: 3928.277 Thread 0x0000013cfa304130 nmethod 18676 0x0000013cf13c3988 code [0x0000013cf13c3a80, 0x0000013cf13c3c60]
Event: 3928.277 Thread 0x0000013cfa326030 nmethod 18678 0x0000013ceae8b108 code [0x0000013ceae8b200, 0x0000013ceae8bc90]
Event: 3928.278 Thread 0x0000013cfa326030 18679   !   3       java.util.concurrent.CopyOnWriteArrayList::add (46 bytes)
Event: 3928.278 Thread 0x0000013cfa326030 nmethod 18679 0x0000013ceae8bd08 code [0x0000013ceae8be00, 0x0000013ceae8c468]

GC Heap Usage History (20 events):
Event: 8.539 {heap Before GC invocations=26 (full 3):
 PSYoungGen      total 121344K, used 111424K [0x00000000d5580000, 0x00000000de080000, 0x0000000100000000)
  eden space 100352K, 100% used [0x00000000d7e80000,0x00000000de080000,0x00000000de080000)
  from space 20992K, 52% used [0x00000000d6a00000,0x00000000d74d0170,0x00000000d7e80000)
  to   space 20992K, 0% used [0x00000000d5580000,0x00000000d5580000,0x00000000d6a00000)
 ParOldGen       total 68608K, used 59315K [0x0000000080000000, 0x0000000084300000, 0x00000000d5580000)
  object space 68608K, 86% used [0x0000000080000000,0x00000000839ecff8,0x0000000084300000)
}
Event: 8.543 {heap After GC invocations=26 (full 3):
 PSYoungGen      total 160768K, used 10631K [0x00000000d5580000, 0x00000000e0600000, 0x0000000100000000)
  eden space 140800K, 0% used [0x00000000d7c80000,0x00000000d7c80000,0x00000000e0600000)
  from space 19968K, 53% used [0x00000000d5580000,0x00000000d5fe1ca8,0x00000000d6900000)
  to   space 19968K, 0% used [0x00000000d6900000,0x00000000d6900000,0x00000000d7c80000)
 ParOldGen       total 68608K, used 62144K [0x0000000080000000, 0x0000000084300000, 0x00000000d5580000)
  object space 68608K, 90% used [0x0000000080000000,0x0000000083cb0098,0x0000000084300000)
}
Event: 8.729 {heap Before GC invocations=27 (full 3):
 PSYoungGen      total 160768K, used 151431K [0x00000000d5580000, 0x00000000e0600000, 0x0000000100000000)
  eden space 140800K, 100% used [0x00000000d7c80000,0x00000000e0600000,0x00000000e0600000)
  from space 19968K, 53% used [0x00000000d5580000,0x00000000d5fe1ca8,0x00000000d6900000)
  to   space 19968K, 0% used [0x00000000d6900000,0x00000000d6900000,0x00000000d7c80000)
 ParOldGen       total 68608K, used 62144K [0x0000000080000000, 0x0000000084300000, 0x00000000d5580000)
  object space 68608K, 90% used [0x0000000080000000,0x0000000083cb0098,0x0000000084300000)
}
Event: 8.734 {heap After GC invocations=27 (full 3):
 PSYoungGen      total 160768K, used 14531K [0x00000000d5580000, 0x00000000e0600000, 0x0000000100000000)
  eden space 140800K, 0% used [0x00000000d7c80000,0x00000000d7c80000,0x00000000e0600000)
  from space 19968K, 72% used [0x00000000d6900000,0x00000000d7730d18,0x00000000d7c80000)
  to   space 19968K, 0% used [0x00000000d5580000,0x00000000d5580000,0x00000000d6900000)
 ParOldGen       total 68608K, used 62272K [0x0000000080000000, 0x0000000084300000, 0x00000000d5580000)
  object space 68608K, 90% used [0x0000000080000000,0x0000000083cd0098,0x0000000084300000)
}
Event: 9.543 {heap Before GC invocations=28 (full 3):
 PSYoungGen      total 160768K, used 155331K [0x00000000d5580000, 0x00000000e0600000, 0x0000000100000000)
  eden space 140800K, 100% used [0x00000000d7c80000,0x00000000e0600000,0x00000000e0600000)
  from space 19968K, 72% used [0x00000000d6900000,0x00000000d7730d18,0x00000000d7c80000)
  to   space 19968K, 0% used [0x00000000d5580000,0x00000000d5580000,0x00000000d6900000)
 ParOldGen       total 68608K, used 62272K [0x0000000080000000, 0x0000000084300000, 0x00000000d5580000)
  object space 68608K, 90% used [0x0000000080000000,0x0000000083cd0098,0x0000000084300000)
}
Event: 9.552 {heap After GC invocations=28 (full 3):
 PSYoungGen      total 160768K, used 17700K [0x00000000d5580000, 0x00000000e0600000, 0x0000000100000000)
  eden space 140800K, 0% used [0x00000000d7c80000,0x00000000d7c80000,0x00000000e0600000)
  from space 19968K, 88% used [0x00000000d5580000,0x00000000d66c9250,0x00000000d6900000)
  to   space 19968K, 0% used [0x00000000d6900000,0x00000000d6900000,0x00000000d7c80000)
 ParOldGen       total 68608K, used 63832K [0x0000000080000000, 0x0000000084300000, 0x00000000d5580000)
  object space 68608K, 93% used [0x0000000080000000,0x0000000083e56348,0x0000000084300000)
}
Event: 10.025 {heap Before GC invocations=29 (full 3):
 PSYoungGen      total 160768K, used 158500K [0x00000000d5580000, 0x00000000e0600000, 0x0000000100000000)
  eden space 140800K, 99% used [0x00000000d7c80000,0x00000000e05fff20,0x00000000e0600000)
  from space 19968K, 88% used [0x00000000d5580000,0x00000000d66c9250,0x00000000d6900000)
  to   space 19968K, 0% used [0x00000000d6900000,0x00000000d6900000,0x00000000d7c80000)
 ParOldGen       total 68608K, used 63832K [0x0000000080000000, 0x0000000084300000, 0x00000000d5580000)
  object space 68608K, 93% used [0x0000000080000000,0x0000000083e56348,0x0000000084300000)
}
Event: 10.030 {heap After GC invocations=29 (full 3):
 PSYoungGen      total 160768K, used 13880K [0x00000000d5580000, 0x00000000e0600000, 0x0000000100000000)
  eden space 140800K, 0% used [0x00000000d7c80000,0x00000000d7c80000,0x00000000e0600000)
  from space 19968K, 69% used [0x00000000d6900000,0x00000000d768e0a8,0x00000000d7c80000)
  to   space 19968K, 0% used [0x00000000d5580000,0x00000000d5580000,0x00000000d6900000)
 ParOldGen       total 68608K, used 64024K [0x0000000080000000, 0x0000000084300000, 0x00000000d5580000)
  object space 68608K, 93% used [0x0000000080000000,0x0000000083e86348,0x0000000084300000)
}
Event: 78.607 {heap Before GC invocations=30 (full 3):
 PSYoungGen      total 160768K, used 154680K [0x00000000d5580000, 0x00000000e0600000, 0x0000000100000000)
  eden space 140800K, 99% used [0x00000000d7c80000,0x00000000e05fffe0,0x00000000e0600000)
  from space 19968K, 69% used [0x00000000d6900000,0x00000000d768e0a8,0x00000000d7c80000)
  to   space 19968K, 0% used [0x00000000d5580000,0x00000000d5580000,0x00000000d6900000)
 ParOldGen       total 68608K, used 64024K [0x0000000080000000, 0x0000000084300000, 0x00000000d5580000)
  object space 68608K, 93% used [0x0000000080000000,0x0000000083e86348,0x0000000084300000)
}
Event: 78.615 {heap After GC invocations=30 (full 3):
 PSYoungGen      total 164864K, used 19965K [0x00000000d5580000, 0x00000000e0e00000, 0x0000000100000000)
  eden space 140800K, 0% used [0x00000000d8480000,0x00000000d8480000,0x00000000e0e00000)
  from space 24064K, 82% used [0x00000000d5580000,0x00000000d68ff6e8,0x00000000d6d00000)
  to   space 24064K, 0% used [0x00000000d6d00000,0x00000000d6d00000,0x00000000d8480000)
 ParOldGen       total 68608K, used 66177K [0x0000000080000000, 0x0000000084300000, 0x00000000d5580000)
  object space 68608K, 96% used [0x0000000080000000,0x00000000840a0638,0x0000000084300000)
}
Event: 122.780 {heap Before GC invocations=31 (full 3):
 PSYoungGen      total 164864K, used 160744K [0x00000000d5580000, 0x00000000e0e00000, 0x0000000100000000)
  eden space 140800K, 99% used [0x00000000d8480000,0x00000000e0dfac90,0x00000000e0e00000)
  from space 24064K, 82% used [0x00000000d5580000,0x00000000d68ff6e8,0x00000000d6d00000)
  to   space 24064K, 0% used [0x00000000d6d00000,0x00000000d6d00000,0x00000000d8480000)
 ParOldGen       total 68608K, used 66177K [0x0000000080000000, 0x0000000084300000, 0x00000000d5580000)
  object space 68608K, 96% used [0x0000000080000000,0x00000000840a0638,0x0000000084300000)
}
Event: 122.786 {heap After GC invocations=31 (full 3):
 PSYoungGen      total 164864K, used 21024K [0x00000000d5580000, 0x00000000e0e00000, 0x0000000100000000)
  eden space 140800K, 0% used [0x00000000d8480000,0x00000000d8480000,0x00000000e0e00000)
  from space 24064K, 87% used [0x00000000d6d00000,0x00000000d8188150,0x00000000d8480000)
  to   space 24064K, 0% used [0x00000000d5580000,0x00000000d5580000,0x00000000d6d00000)
 ParOldGen       total 68608K, used 66953K [0x0000000080000000, 0x0000000084300000, 0x00000000d5580000)
  object space 68608K, 97% used [0x0000000080000000,0x0000000084162638,0x0000000084300000)
}
Event: 3078.430 {heap Before GC invocations=32 (full 3):
 PSYoungGen      total 164864K, used 161824K [0x00000000d5580000, 0x00000000e0e00000, 0x0000000100000000)
  eden space 140800K, 100% used [0x00000000d8480000,0x00000000e0e00000,0x00000000e0e00000)
  from space 24064K, 87% used [0x00000000d6d00000,0x00000000d8188150,0x00000000d8480000)
  to   space 24064K, 0% used [0x00000000d5580000,0x00000000d5580000,0x00000000d6d00000)
 ParOldGen       total 68608K, used 66953K [0x0000000080000000, 0x0000000084300000, 0x00000000d5580000)
  object space 68608K, 97% used [0x0000000080000000,0x0000000084162638,0x0000000084300000)
}
Event: 3078.439 {heap After GC invocations=32 (full 3):
 PSYoungGen      total 164864K, used 22139K [0x00000000d5580000, 0x00000000e0e00000, 0x0000000100000000)
  eden space 140800K, 0% used [0x00000000d8480000,0x00000000d8480000,0x00000000e0e00000)
  from space 24064K, 92% used [0x00000000d5580000,0x00000000d6b1eef8,0x00000000d6d00000)
  to   space 24064K, 0% used [0x00000000d6d00000,0x00000000d6d00000,0x00000000d8480000)
 ParOldGen       total 69632K, used 69306K [0x0000000080000000, 0x0000000084400000, 0x00000000d5580000)
  object space 69632K, 99% used [0x0000000080000000,0x00000000843ae918,0x0000000084400000)
}
Event: 3085.344 {heap Before GC invocations=33 (full 3):
 PSYoungGen      total 164864K, used 162939K [0x00000000d5580000, 0x00000000e0e00000, 0x0000000100000000)
  eden space 140800K, 100% used [0x00000000d8480000,0x00000000e0e00000,0x00000000e0e00000)
  from space 24064K, 92% used [0x00000000d5580000,0x00000000d6b1eef8,0x00000000d6d00000)
  to   space 24064K, 0% used [0x00000000d6d00000,0x00000000d6d00000,0x00000000d8480000)
 ParOldGen       total 69632K, used 69306K [0x0000000080000000, 0x0000000084400000, 0x00000000d5580000)
  object space 69632K, 99% used [0x0000000080000000,0x00000000843ae918,0x0000000084400000)
}
Event: 3085.353 {heap After GC invocations=33 (full 3):
 PSYoungGen      total 164864K, used 21229K [0x00000000d5580000, 0x00000000e0e00000, 0x0000000100000000)
  eden space 140800K, 0% used [0x00000000d8480000,0x00000000d8480000,0x00000000e0e00000)
  from space 24064K, 88% used [0x00000000d6d00000,0x00000000d81bb678,0x00000000d8480000)
  to   space 24064K, 0% used [0x00000000d5580000,0x00000000d5580000,0x00000000d6d00000)
 ParOldGen       total 72192K, used 71706K [0x0000000080000000, 0x0000000084680000, 0x00000000d5580000)
  object space 72192K, 99% used [0x0000000080000000,0x0000000084606a18,0x0000000084680000)
}
Event: 3122.880 {heap Before GC invocations=34 (full 3):
 PSYoungGen      total 164864K, used 162020K [0x00000000d5580000, 0x00000000e0e00000, 0x0000000100000000)
  eden space 140800K, 99% used [0x00000000d8480000,0x00000000e0dfdd60,0x00000000e0e00000)
  from space 24064K, 88% used [0x00000000d6d00000,0x00000000d81bb678,0x00000000d8480000)
  to   space 24064K, 0% used [0x00000000d5580000,0x00000000d5580000,0x00000000d6d00000)
 ParOldGen       total 72192K, used 71706K [0x0000000080000000, 0x0000000084680000, 0x00000000d5580000)
  object space 72192K, 99% used [0x0000000080000000,0x0000000084606a18,0x0000000084680000)
}
Event: 3122.892 {heap After GC invocations=34 (full 3):
 PSYoungGen      total 164864K, used 23353K [0x00000000d5580000, 0x00000000e0e00000, 0x0000000100000000)
  eden space 140800K, 0% used [0x00000000d8480000,0x00000000d8480000,0x00000000e0e00000)
  from space 24064K, 97% used [0x00000000d5580000,0x00000000d6c4e4b8,0x00000000d6d00000)
  to   space 24064K, 0% used [0x00000000d6d00000,0x00000000d6d00000,0x00000000d8480000)
 ParOldGen       total 74752K, used 74281K [0x0000000080000000, 0x0000000084900000, 0x00000000d5580000)
  object space 74752K, 99% used [0x0000000080000000,0x000000008488a618,0x0000000084900000)
}
Event: 3128.527 {heap Before GC invocations=35 (full 3):
 PSYoungGen      total 164864K, used 164153K [0x00000000d5580000, 0x00000000e0e00000, 0x0000000100000000)
  eden space 140800K, 100% used [0x00000000d8480000,0x00000000e0e00000,0x00000000e0e00000)
  from space 24064K, 97% used [0x00000000d5580000,0x00000000d6c4e4b8,0x00000000d6d00000)
  to   space 24064K, 0% used [0x00000000d6d00000,0x00000000d6d00000,0x00000000d8480000)
 ParOldGen       total 74752K, used 74281K [0x0000000080000000, 0x0000000084900000, 0x00000000d5580000)
  object space 74752K, 99% used [0x0000000080000000,0x000000008488a618,0x0000000084900000)
}
Event: 3128.535 {heap After GC invocations=35 (full 3):
 PSYoungGen      total 164864K, used 24057K [0x00000000d5580000, 0x00000000e0e00000, 0x0000000100000000)
  eden space 140800K, 0% used [0x00000000d8480000,0x00000000d8480000,0x00000000e0e00000)
  from space 24064K, 99% used [0x00000000d6d00000,0x00000000d847e4a0,0x00000000d8480000)
  to   space 24064K, 0% used [0x00000000d5580000,0x00000000d5580000,0x00000000d6d00000)
 ParOldGen       total 81408K, used 81083K [0x0000000080000000, 0x0000000084f80000, 0x00000000d5580000)
  object space 81408K, 99% used [0x0000000080000000,0x0000000084f2ed30,0x0000000084f80000)
}

Metaspace Usage History (20 events):
Event: 8.539 {metaspace Before GC invocations=26 (full 3):
 Metaspace       used 61692K, committed 63104K, reserved 1114112K
  class space    used 6887K, committed 7488K, reserved 1048576K
}
Event: 8.543 {metaspace After GC invocations=26 (full 3):
 Metaspace       used 61692K, committed 63104K, reserved 1114112K
  class space    used 6887K, committed 7488K, reserved 1048576K
}
Event: 8.729 {metaspace Before GC invocations=27 (full 3):
 Metaspace       used 63419K, committed 64896K, reserved 1114112K
  class space    used 7097K, committed 7744K, reserved 1048576K
}
Event: 8.734 {metaspace After GC invocations=27 (full 3):
 Metaspace       used 63419K, committed 64896K, reserved 1114112K
  class space    used 7097K, committed 7744K, reserved 1048576K
}
Event: 9.543 {metaspace Before GC invocations=28 (full 3):
 Metaspace       used 69871K, committed 71360K, reserved 1114112K
  class space    used 7766K, committed 8384K, reserved 1048576K
}
Event: 9.552 {metaspace After GC invocations=28 (full 3):
 Metaspace       used 69871K, committed 71360K, reserved 1114112K
  class space    used 7766K, committed 8384K, reserved 1048576K
}
Event: 10.025 {metaspace Before GC invocations=29 (full 3):
 Metaspace       used 71365K, committed 72896K, reserved 1114112K
  class space    used 7865K, committed 8512K, reserved 1048576K
}
Event: 10.030 {metaspace After GC invocations=29 (full 3):
 Metaspace       used 71365K, committed 72896K, reserved 1114112K
  class space    used 7865K, committed 8512K, reserved 1048576K
}
Event: 78.607 {metaspace Before GC invocations=30 (full 3):
 Metaspace       used 77210K, committed 78848K, reserved 1179648K
  class space    used 8452K, committed 9088K, reserved 1048576K
}
Event: 78.615 {metaspace After GC invocations=30 (full 3):
 Metaspace       used 77210K, committed 78848K, reserved 1179648K
  class space    used 8452K, committed 9088K, reserved 1048576K
}
Event: 122.780 {metaspace Before GC invocations=31 (full 3):
 Metaspace       used 82459K, committed 84224K, reserved 1179648K
  class space    used 9065K, committed 9792K, reserved 1048576K
}
Event: 122.786 {metaspace After GC invocations=31 (full 3):
 Metaspace       used 82459K, committed 84224K, reserved 1179648K
  class space    used 9065K, committed 9792K, reserved 1048576K
}
Event: 3078.430 {metaspace Before GC invocations=32 (full 3):
 Metaspace       used 84895K, committed 86720K, reserved 1179648K
  class space    used 9381K, committed 10176K, reserved 1048576K
}
Event: 3078.439 {metaspace After GC invocations=32 (full 3):
 Metaspace       used 84895K, committed 86720K, reserved 1179648K
  class space    used 9381K, committed 10176K, reserved 1048576K
}
Event: 3085.344 {metaspace Before GC invocations=33 (full 3):
 Metaspace       used 87635K, committed 89536K, reserved 1179648K
  class space    used 9791K, committed 10560K, reserved 1048576K
}
Event: 3085.353 {metaspace After GC invocations=33 (full 3):
 Metaspace       used 87635K, committed 89536K, reserved 1179648K
  class space    used 9791K, committed 10560K, reserved 1048576K
}
Event: 3122.880 {metaspace Before GC invocations=34 (full 3):
 Metaspace       used 88266K, committed 90176K, reserved 1179648K
  class space    used 9848K, committed 10624K, reserved 1048576K
}
Event: 3122.892 {metaspace After GC invocations=34 (full 3):
 Metaspace       used 88266K, committed 90176K, reserved 1179648K
  class space    used 9848K, committed 10624K, reserved 1048576K
}
Event: 3128.527 {metaspace Before GC invocations=35 (full 3):
 Metaspace       used 88922K, committed 90816K, reserved 1179648K
  class space    used 9887K, committed 10688K, reserved 1048576K
}
Event: 3128.535 {metaspace After GC invocations=35 (full 3):
 Metaspace       used 88922K, committed 90816K, reserved 1179648K
  class space    used 9887K, committed 10688K, reserved 1048576K
}

Dll operation events (20 events):
Event: 0.066 Attempting to load shared library C:\Program Files\Eclipse Adoptium\jdk-26.0.1\bin\instrument.dll
Event: 0.066 Loaded shared library C:\Program Files\Eclipse Adoptium\jdk-26.0.1\bin\instrument.dll
Event: 0.069 Attempting to load shared library C:\Program Files\Eclipse Adoptium\jdk-26.0.1\bin\net.dll
Event: 0.070 Loaded shared library C:\Program Files\Eclipse Adoptium\jdk-26.0.1\bin\net.dll
Event: 0.071 Attempting to load shared library C:\Program Files\Eclipse Adoptium\jdk-26.0.1\bin\nio.dll
Event: 0.072 Loaded shared library C:\Program Files\Eclipse Adoptium\jdk-26.0.1\bin\nio.dll
Event: 0.075 Attempting to load shared library C:\Program Files\Eclipse Adoptium\jdk-26.0.1\bin\zip.dll
Event: 0.075 Loaded shared library C:\Program Files\Eclipse Adoptium\jdk-26.0.1\bin\zip.dll
Event: 0.091 Attempting to load shared library C:\Program Files\Eclipse Adoptium\jdk-26.0.1\bin\jimage.dll
Event: 0.091 Loaded shared library C:\Program Files\Eclipse Adoptium\jdk-26.0.1\bin\jimage.dll
Event: 0.156 Attempting to load shared library C:\Program Files\Eclipse Adoptium\jdk-26.0.1\bin\verify.dll
Event: 0.156 Loaded shared library C:\Program Files\Eclipse Adoptium\jdk-26.0.1\bin\verify.dll
Event: 0.754 Attempting to load shared library C:\Users\GUANTA\AppData\Roaming\Code\User\globalStorage\redhat.java\1.55.0\config_win\org.eclipse.equinox.launcher\org.eclipse.equinox.launcher.win32.win32.x86_64_1.3.100.v20260613-0559\eclipse_11924.dll
Event: 0.754 Loaded shared library C:\Users\GUANTA\AppData\Roaming\Code\User\globalStorage\redhat.java\1.55.0\config_win\org.eclipse.equinox.launcher\org.eclipse.equinox.launcher.win32.win32.x86_64_1.3.100.v20260613-0559\eclipse_11924.dll
Event: 3.647 Attempting to load shared library C:\Users\GUANTA\AppData\Local\Temp\jna-2113183048\jna15415444679245420396.dll
Event: 3.655 Loaded shared library C:\Users\GUANTA\AppData\Local\Temp\jna-2113183048\jna15415444679245420396.dll
Event: 4.431 Attempting to load shared library C:\Program Files\Eclipse Adoptium\jdk-26.0.1\bin\sunmscapi.dll
Event: 4.433 Loaded shared library C:\Program Files\Eclipse Adoptium\jdk-26.0.1\bin\sunmscapi.dll
Event: 4.476 Attempting to load shared library C:\Program Files\Eclipse Adoptium\jdk-26.0.1\bin\extnet.dll
Event: 4.476 Loaded shared library C:\Program Files\Eclipse Adoptium\jdk-26.0.1\bin\extnet.dll

Deoptimization events (20 events):
Event: 3385.076 Thread 0x0000013cfd1f6e80 Uncommon trap: trap_request=0xffffff45 fr.pc=0x0000013cf11a85ac relative=0x00000000000052ac
Event: 3385.076 Thread 0x0000013cfd1f6e80 Uncommon trap: reason=unstable_if action=reinterpret pc=0x0000013cf11a85ac method=java.io.ClassCache.processQueue()V @ 9 c2
Event: 3385.076 Thread 0x0000013cfd1f6e80 DEOPT PACKING pc=0x0000013cf11a85ac sp=0x000000092e5fec60
Event: 3385.076 Thread 0x0000013cfd1f6e80 DEOPT UNPACKING pc=0x0000013cf05a9a82 sp=0x000000092e5feb08 mode 2
Event: 3385.076 Thread 0x0000013cfd1f6e80 Uncommon trap: trap_request=0xffffff45 fr.pc=0x0000013cf11a0ed4 relative=0x0000000000000154
Event: 3385.076 Thread 0x0000013cfd1f6e80 Uncommon trap: reason=unstable_if action=reinterpret pc=0x0000013cf11a0ed4 method=java.lang.ClassValue.match(Ljava/lang/ClassValue$Entry;)Z @ 12 c2
Event: 3385.076 Thread 0x0000013cfd1f6e80 DEOPT PACKING pc=0x0000013cf11a0ed4 sp=0x000000092e5feb50
Event: 3385.076 Thread 0x0000013cfd1f6e80 DEOPT UNPACKING pc=0x0000013cf05a9a82 sp=0x000000092e5fea90 mode 2
Event: 3385.076 Thread 0x0000013cfd1f6e80 Uncommon trap: trap_request=0xffffff45 fr.pc=0x0000013cf11a14c4 relative=0x00000000000003c4
Event: 3385.076 Thread 0x0000013cfd1f6e80 Uncommon trap: reason=unstable_if action=reinterpret pc=0x0000013cf11a14c4 method=java.lang.ClassValue.match(Ljava/lang/ClassValue$Entry;)Z @ 12 c2
Event: 3385.076 Thread 0x0000013cfd1f6e80 DEOPT PACKING pc=0x0000013cf11a14c4 sp=0x000000092e5fe880
Event: 3385.076 Thread 0x0000013cfd1f6e80 DEOPT UNPACKING pc=0x0000013cf05a9a82 sp=0x000000092e5fe760 mode 2
Event: 3385.080 Thread 0x0000013cfd1f6e80 Uncommon trap: trap_request=0xfffffff4 fr.pc=0x0000013cf117dd4c relative=0x00000000000002cc
Event: 3385.080 Thread 0x0000013cfd1f6e80 Uncommon trap: reason=null_check action=make_not_entrant pc=0x0000013cf117dd4c method=java.lang.Class.reflectionData()Ljava/lang/Class$ReflectionData; @ 18 c2
Event: 3385.080 Thread 0x0000013cfd1f6e80 DEOPT PACKING pc=0x0000013cf117dd4c sp=0x000000092e5fd940
Event: 3385.080 Thread 0x0000013cfd1f6e80 DEOPT UNPACKING pc=0x0000013cf05a9a82 sp=0x000000092e5fd858 mode 2
Event: 3601.579 Thread 0x0000013c86f54f80 Uncommon trap: trap_request=0xffffff45 fr.pc=0x0000013cf0b9b010 relative=0x0000000000000f10
Event: 3601.579 Thread 0x0000013c86f54f80 Uncommon trap: reason=unstable_if action=reinterpret pc=0x0000013cf0b9b010 method=org.eclipse.core.runtime.Path.toOSString()Ljava/lang/String; @ 6 c2
Event: 3601.579 Thread 0x0000013c86f54f80 DEOPT PACKING pc=0x0000013cf0b9b010 sp=0x000000092e7fd550
Event: 3601.579 Thread 0x0000013c86f54f80 DEOPT UNPACKING pc=0x0000013cf05a9a82 sp=0x000000092e7fd510 mode 2

Classes loaded (20 events):
Event: 3085.232 Loading class jdk/internal/module/IllegalAccessLogger
Event: 3085.232 Loading class jdk/internal/module/IllegalAccessLogger done
Event: 3085.276 Loading class java/util/regex/Pattern$Behind
Event: 3085.276 Loading class java/util/regex/Pattern$Behind done
Event: 3085.276 Loading class java/util/regex/Pattern$Neg
Event: 3085.276 Loading class java/util/regex/Pattern$Neg done
Event: 3122.916 Loading class jdk/internal/module/IllegalAccessLogger
Event: 3122.916 Loading class jdk/internal/module/IllegalAccessLogger done
Event: 3128.638 Loading class jdk/internal/module/IllegalAccessLogger
Event: 3128.638 Loading class jdk/internal/module/IllegalAccessLogger done
Event: 3150.718 Loading class java/lang/ProcessHandleImpl$ExitCompletion
Event: 3150.718 Loading class java/lang/ProcessHandleImpl$ExitCompletion done
Event: 3150.718 Loading class java/lang/ProcessHandleImpl$1
Event: 3150.718 Loading class java/lang/ProcessHandleImpl$1 done
Event: 3601.581 Loading class java/nio/file/attribute/PosixFileAttributeView
Event: 3601.582 Loading class java/nio/file/attribute/PosixFileAttributeView done
Event: 3601.582 Loading class java/nio/file/attribute/DosFileAttributeView
Event: 3601.582 Loading class java/nio/file/attribute/DosFileAttributeView done
Event: 3601.582 Loading class java/nio/file/attribute/UserDefinedFileAttributeView
Event: 3601.583 Loading class java/nio/file/attribute/UserDefinedFileAttributeView done

Classes unloaded (11 events):
Event: 3.925 Thread 0x0000013ce03552f0 Unloading class 0x0000000022192400 'java/lang/invoke/LambdaForm$MH+0x0000000022192400'
Event: 3.925 Thread 0x0000013ce03552f0 Unloading class 0x0000000022192000 'java/lang/invoke/LambdaForm$MH+0x0000000022192000'
Event: 3.925 Thread 0x0000013ce03552f0 Unloading class 0x0000000022191c00 'java/lang/invoke/LambdaForm$MH+0x0000000022191c00'
Event: 3.925 Thread 0x0000013ce03552f0 Unloading class 0x0000000022191800 'java/lang/invoke/LambdaForm$MH+0x0000000022191800'
Event: 3.925 Thread 0x0000013ce03552f0 Unloading class 0x0000000022191400 'java/lang/invoke/LambdaForm$BMH+0x0000000022191400'
Event: 3.925 Thread 0x0000013ce03552f0 Unloading class 0x0000000022191000 'java/lang/invoke/LambdaForm$DMH+0x0000000022191000'
Event: 3.925 Thread 0x0000013ce03552f0 Unloading class 0x000000002218fc00 'java/lang/invoke/LambdaForm$DMH+0x000000002218fc00'
Event: 7.653 Thread 0x0000013ce03552f0 Unloading class 0x0000000022675000 'java/lang/invoke/LambdaForm$DMH+0x0000000022675000'
Event: 7.653 Thread 0x0000013ce03552f0 Unloading class 0x0000000022674c00 'java/lang/invoke/LambdaForm$DMH+0x0000000022674c00'
Event: 7.653 Thread 0x0000013ce03552f0 Unloading class 0x0000000022674400 'java/lang/invoke/LambdaForm$DMH+0x0000000022674400'
Event: 7.653 Thread 0x0000013ce03552f0 Unloading class 0x0000000022674800 'java/lang/invoke/LambdaForm$DMH+0x0000000022674800'

Classes redefined (0 events):
No events

Internal exceptions (20 events):
Event: 3122.679 Thread 0x0000013cfd641900 Exception <a 'java/lang/IncompatibleClassChangeError'{0x00000000de8adc90}: Found class java.lang.Object, but interface was expected> (0x00000000de8adc90) 
thrown [s\open\src\hotspot\share\interpreter\linkResolver.cpp, line 871]
Event: 3122.716 Thread 0x0000013cfd1f2830 Exception <a 'sun/nio/fs/WindowsException'{0x00000000dea308a8}> (0x00000000dea308a8) 
thrown [s\open\src\hotspot\share\prims\jni.cpp, line 514]
Event: 3122.877 Thread 0x0000013cfd1f2830 Exception <a 'sun/nio/fs/WindowsException'{0x00000000e0c98ac0}> (0x00000000e0c98ac0) 
thrown [s\open\src\hotspot\share\prims\jni.cpp, line 514]
Event: 3128.472 Thread 0x0000013cfd1f2830 Exception <a 'sun/nio/fs/WindowsException'{0x00000000da3abcf0}> (0x00000000da3abcf0) 
thrown [s\open\src\hotspot\share\prims\jni.cpp, line 514]
Event: 3128.564 Thread 0x0000013cfd1f2830 Exception <a 'sun/nio/fs/WindowsException'{0x00000000d892cc30}> (0x00000000d892cc30) 
thrown [s\open\src\hotspot\share\prims\jni.cpp, line 514]
Event: 3145.335 Thread 0x0000013c86bbd1b0 Exception <a 'sun/nio/fs/WindowsException'{0x00000000dc82a948}> (0x00000000dc82a948) 
thrown [s\open\src\hotspot\share\prims\jni.cpp, line 514]
Event: 3145.335 Thread 0x0000013c86bbd1b0 Exception <a 'sun/nio/fs/WindowsException'{0x00000000dc82b028}> (0x00000000dc82b028) 
thrown [s\open\src\hotspot\share\prims\jni.cpp, line 514]
Event: 3145.335 Thread 0x0000013c86bbd1b0 Exception <a 'sun/nio/fs/WindowsException'{0x00000000dc82bc88}> (0x00000000dc82bc88) 
thrown [s\open\src\hotspot\share\prims\jni.cpp, line 514]
Event: 3145.335 Thread 0x0000013c86bbd1b0 Exception <a 'sun/nio/fs/WindowsException'{0x00000000dc82c5f8}> (0x00000000dc82c5f8) 
thrown [s\open\src\hotspot\share\prims\jni.cpp, line 514]
Event: 3145.336 Thread 0x0000013c86bbd1b0 Exception <a 'sun/nio/fs/WindowsException'{0x00000000dc82df28}> (0x00000000dc82df28) 
thrown [s\open\src\hotspot\share\prims\jni.cpp, line 514]
Event: 3145.336 Thread 0x0000013c86bbd1b0 Exception <a 'sun/nio/fs/WindowsException'{0x00000000dc82e5e8}> (0x00000000dc82e5e8) 
thrown [s\open\src\hotspot\share\prims\jni.cpp, line 514]
Event: 3145.338 Thread 0x0000013c86bbd1b0 Exception <a 'sun/nio/fs/WindowsException'{0x00000000dc847e88}> (0x00000000dc847e88) 
thrown [s\open\src\hotspot\share\prims\jni.cpp, line 514]
Event: 3145.338 Thread 0x0000013c86bbd1b0 Exception <a 'sun/nio/fs/WindowsException'{0x00000000dc8487f8}> (0x00000000dc8487f8) 
thrown [s\open\src\hotspot\share\prims\jni.cpp, line 514]
Event: 3145.462 Thread 0x0000013cfd1f3fa0 Exception <a 'sun/nio/fs/WindowsException'{0x00000000dd439b08}> (0x00000000dd439b08) 
thrown [s\open\src\hotspot\share\prims\jni.cpp, line 514]
Event: 3145.462 Thread 0x0000013cfd1f3fa0 Exception <a 'sun/nio/fs/WindowsException'{0x00000000dd43a220}> (0x00000000dd43a220) 
thrown [s\open\src\hotspot\share\prims\jni.cpp, line 514]
Event: 3385.072 Thread 0x0000013cfd1f6e80 Exception <a 'sun/nio/fs/WindowsException'{0x00000000dd6f9cd0}> (0x00000000dd6f9cd0) 
thrown [s\open\src\hotspot\share\prims\jni.cpp, line 514]
Event: 3385.072 Thread 0x0000013cfd1f6e80 Exception <a 'sun/nio/fs/WindowsException'{0x00000000dd6fa660}> (0x00000000dd6fa660) 
thrown [s\open\src\hotspot\share\prims\jni.cpp, line 514]
Event: 3385.080 Thread 0x0000013cfd1f6e80 Implicit null exception at 0x0000013cf117dac5 to 0x0000013cf117dd28
Event: 3901.415 Thread 0x0000013c86bbe920 Exception <a 'sun/nio/fs/WindowsException'{0x00000000ddc28ed8}> (0x00000000ddc28ed8) 
thrown [s\open\src\hotspot\share\prims\jni.cpp, line 514]
Event: 3901.416 Thread 0x0000013c86bbe920 Exception <a 'sun/nio/fs/WindowsException'{0x00000000ddc29868}> (0x00000000ddc29868) 
thrown [s\open\src\hotspot\share\prims\jni.cpp, line 514]

VM Operations (20 events):
Event: 3787.423 Executing non-safepoint VM operation: HandshakeAllThreads (DeflationHandshakeClosure)
Event: 3787.423 Executing non-safepoint VM operation: HandshakeAllThreads (DeflationHandshakeClosure) done
Event: 3787.423 Executing non-safepoint VM operation: RendezvousGCThreads
Event: 3787.423 Executing non-safepoint VM operation: RendezvousGCThreads done
Event: 3847.528 Executing non-safepoint VM operation: HandshakeAllThreads (DeflationHandshakeClosure)
Event: 3847.528 Executing non-safepoint VM operation: HandshakeAllThreads (DeflationHandshakeClosure) done
Event: 3847.528 Executing non-safepoint VM operation: RendezvousGCThreads
Event: 3847.528 Executing non-safepoint VM operation: RendezvousGCThreads done
Event: 3907.582 Executing non-safepoint VM operation: HandshakeAllThreads (DeflationHandshakeClosure)
Event: 3907.582 Executing non-safepoint VM operation: HandshakeAllThreads (DeflationHandshakeClosure) done
Event: 3907.582 Executing non-safepoint VM operation: RendezvousGCThreads
Event: 3907.582 Executing non-safepoint VM operation: RendezvousGCThreads done
Event: 3967.662 Executing non-safepoint VM operation: HandshakeAllThreads (DeflationHandshakeClosure)
Event: 3967.662 Executing non-safepoint VM operation: HandshakeAllThreads (DeflationHandshakeClosure) done
Event: 3967.662 Executing non-safepoint VM operation: RendezvousGCThreads
Event: 3967.662 Executing non-safepoint VM operation: RendezvousGCThreads done
Event: 4027.721 Executing non-safepoint VM operation: HandshakeAllThreads (DeflationHandshakeClosure)
Event: 4027.721 Executing non-safepoint VM operation: HandshakeAllThreads (DeflationHandshakeClosure) done
Event: 4027.721 Executing non-safepoint VM operation: RendezvousGCThreads
Event: 4027.721 Executing non-safepoint VM operation: RendezvousGCThreads done

Memory protections (0 events):
No events

Nmethod flushes (20 events):
Event: 7.662 Thread 0x0000013ce03552f0 flushing osr nmethod 0x0000013ce96cb588
Event: 7.662 Thread 0x0000013ce03552f0 flushing  nmethod 0x0000013cf0baab88
Event: 7.662 Thread 0x0000013ce03552f0 flushing  nmethod 0x0000013ce9018e08
Event: 7.662 Thread 0x0000013ce03552f0 flushing  nmethod 0x0000013ce901ac08
Event: 7.662 Thread 0x0000013ce03552f0 flushing  nmethod 0x0000013ce939c808
Event: 7.662 Thread 0x0000013ce03552f0 flushing  nmethod 0x0000013ce95ad288
Event: 7.662 Thread 0x0000013ce03552f0 flushing  nmethod 0x0000013ce95ad908
Event: 7.662 Thread 0x0000013ce03552f0 flushing  nmethod 0x0000013ce95adc08
Event: 7.662 Thread 0x0000013ce03552f0 flushing  nmethod 0x0000013ce95ae388
Event: 7.662 Thread 0x0000013ce03552f0 flushing  nmethod 0x0000013ce95b5908
Event: 7.662 Thread 0x0000013ce03552f0 flushing  nmethod 0x0000013ce95b6508
Event: 7.662 Thread 0x0000013ce03552f0 flushing  nmethod 0x0000013ce95b8988
Event: 7.662 Thread 0x0000013ce03552f0 flushing  nmethod 0x0000013ce9666c88
Event: 7.662 Thread 0x0000013ce03552f0 flushing  nmethod 0x0000013ce9667088
Event: 7.662 Thread 0x0000013ce03552f0 flushing  nmethod 0x0000013ce9667708
Event: 7.662 Thread 0x0000013ce03552f0 flushing  nmethod 0x0000013ce9667b88
Event: 7.662 Thread 0x0000013ce03552f0 flushing  nmethod 0x0000013ce9669188
Event: 7.662 Thread 0x0000013ce03552f0 flushing  nmethod 0x0000013ce9635c08
Event: 7.662 Thread 0x0000013ce03552f0 flushing  nmethod 0x0000013ce94e6e08
Event: 7.662 Thread 0x0000013ce03552f0 flushing  nmethod 0x0000013ce96e9c88

Events (20 events):
Event: 3600.316 Thread 0x0000013c86bba2d0 Thread added: 0x0000013c86bb7bc0
Event: 3600.323 Thread 0x0000013cfd1f3fa0 Thread exited: 0x0000013cfd1f3fa0
Event: 3601.410 Thread 0x0000013cfd931860 Thread added: 0x0000013c86bbd980
Event: 3601.613 Thread 0x0000013c86bbd980 Thread added: 0x0000013c86bbe920
Event: 3630.333 Thread 0x0000013cfd933f70 Thread exited: 0x0000013cfd933f70
Event: 3645.999 Thread 0x0000013cfd931860 Thread added: 0x0000013c86bbba40
Event: 3660.321 Thread 0x0000013cfd1f8dc0 Thread exited: 0x0000013cfd1f8dc0
Event: 3660.323 Thread 0x0000013c86bba2d0 Thread exited: 0x0000013c86bba2d0
Event: 3660.352 Thread 0x0000013c86bb7bc0 Thread exited: 0x0000013c86bb7bc0
Event: 3706.195 Thread 0x0000013cfd931860 Thread exited: 0x0000013cfd931860
Event: 3826.210 Thread 0x0000013c86bbd980 Thread exited: 0x0000013c86bbd980
Event: 3901.416 Thread 0x0000013c86bbe920 Thread added: 0x0000013c86bb6c20
Event: 3901.417 Thread 0x0000013c86bb6c20 Thread exited: 0x0000013c86bb6c20
Event: 3901.421 Thread 0x0000013c86bbe920 Thread added: 0x0000013c86bb7bc0
Event: 3901.421 Thread 0x0000013c86bb7bc0 Thread exited: 0x0000013c86bb7bc0
Event: 3901.532 Thread 0x0000013cfa326030 Thread added: 0x0000013c84999160
Event: 3903.025 Thread 0x0000013c86bbba40 Thread exited: 0x0000013c86bbba40
Event: 3906.567 Thread 0x0000013c84999160 Thread exited: 0x0000013c84999160
Event: 3928.076 Thread 0x0000013cfd641130 Thread added: 0x0000013c86bba2d0
Event: 3928.276 Thread 0x0000013c86bbe920 Thread added: 0x0000013c86bbba40


Dynamic libraries:
0x00007ff678560000 - 0x00007ff67856e000 	C:\Program Files\Eclipse Adoptium\jdk-26.0.1\bin\java.exe
0x00007ff96eb40000 - 0x00007ff96eda6000 	C:\WINDOWS\SYSTEM32\ntdll.dll
0x00007ff92bdc0000 - 0x00007ff92bde1000 	C:\Program Files\Avast Software\Avast\aswhook.dll
0x00007ff96d7c0000 - 0x00007ff96d889000 	C:\WINDOWS\System32\KERNEL32.DLL
0x00007ff96bf50000 - 0x00007ff96c34a000 	C:\WINDOWS\System32\KERNELBASE.dll
0x00007ff96c580000 - 0x00007ff96c6cc000 	C:\WINDOWS\System32\ucrtbase.dll
0x00007ff948530000 - 0x00007ff948547000 	C:\Program Files\Eclipse Adoptium\jdk-26.0.1\bin\jli.dll
0x00007ff9465b0000 - 0x00007ff9465ce000 	C:\Program Files\Eclipse Adoptium\jdk-26.0.1\bin\VCRUNTIME140.dll
0x00007ff9501f0000 - 0x00007ff950482000 	C:\WINDOWS\WinSxS\amd64_microsoft.windows.common-controls_6595b64144ccf1df_6.0.26100.8521_none_3e08b75ce33403b3\COMCTL32.dll
0x00007ff96d5f0000 - 0x00007ff96d7b7000 	C:\WINDOWS\System32\USER32.dll
0x00007ff96da30000 - 0x00007ff96dad9000 	C:\WINDOWS\System32\msvcrt.dll
0x00007ff96bf20000 - 0x00007ff96bf47000 	C:\WINDOWS\System32\win32u.dll
0x00007ff96ead0000 - 0x00007ff96eafb000 	C:\WINDOWS\System32\GDI32.dll
0x00007ff96c6d0000 - 0x00007ff96c7fb000 	C:\WINDOWS\System32\gdi32full.dll
0x00007ff96c4d0000 - 0x00007ff96c573000 	C:\WINDOWS\System32\msvcp_win.dll
0x00007ff96d430000 - 0x00007ff96d462000 	C:\WINDOWS\System32\IMM32.DLL
0x00007ff9527e0000 - 0x00007ff9527ec000 	C:\Program Files\Eclipse Adoptium\jdk-26.0.1\bin\vcruntime140_1.dll
0x00007ff9172e0000 - 0x00007ff91736d000 	C:\Program Files\Eclipse Adoptium\jdk-26.0.1\bin\msvcp140.dll
0x00007ff883b20000 - 0x00007ff8849ee000 	C:\Program Files\Eclipse Adoptium\jdk-26.0.1\bin\server\jvm.dll
0x00007ff96daf0000 - 0x00007ff96dba6000 	C:\WINDOWS\System32\ADVAPI32.dll
0x00007ff96ccf0000 - 0x00007ff96cd9a000 	C:\WINDOWS\System32\sechost.dll
0x00007ff96e580000 - 0x00007ff96e698000 	C:\WINDOWS\System32\RPCRT4.dll
0x00007ff96ea40000 - 0x00007ff96eac0000 	C:\WINDOWS\System32\WS2_32.dll
0x00007ff96b9c0000 - 0x00007ff96ba1e000 	C:\WINDOWS\SYSTEM32\POWRPROF.dll
0x00007ff966010000 - 0x00007ff96601b000 	C:\WINDOWS\SYSTEM32\VERSION.dll
0x00007ff9650b0000 - 0x00007ff9650e6000 	C:\WINDOWS\SYSTEM32\WINMM.dll
0x00007ff96b9a0000 - 0x00007ff96b9b4000 	C:\WINDOWS\SYSTEM32\UMPDC.dll
0x00007ff96ab60000 - 0x00007ff96ab7b000 	C:\WINDOWS\SYSTEM32\kernel.appcore.dll
0x00007ff94c720000 - 0x00007ff94c72a000 	C:\Program Files\Eclipse Adoptium\jdk-26.0.1\bin\jimage.dll
0x00007ff9622e0000 - 0x00007ff962522000 	C:\WINDOWS\SYSTEM32\DBGHELP.DLL
0x00007ff96c8c0000 - 0x00007ff96cc43000 	C:\WINDOWS\System32\combase.dll
0x00007ff96d890000 - 0x00007ff96d969000 	C:\WINDOWS\System32\OLEAUT32.dll
0x00007ff960460000 - 0x00007ff96049b000 	C:\WINDOWS\SYSTEM32\dbgcore.DLL
0x00007ff96c800000 - 0x00007ff96c8a8000 	C:\WINDOWS\System32\bcryptPrimitives.dll
0x00007ff94c550000 - 0x00007ff94c560000 	C:\Program Files\Eclipse Adoptium\jdk-26.0.1\bin\instrument.dll
0x00007ff94b0e0000 - 0x00007ff94b0ff000 	C:\Program Files\Eclipse Adoptium\jdk-26.0.1\bin\java.dll
0x00007ff96d290000 - 0x00007ff96d428000 	C:\WINDOWS\System32\ole32.dll
0x00007ff96dbb0000 - 0x00007ff96e334000 	C:\WINDOWS\System32\SHELL32.dll
0x00007ff9699d0000 - 0x00007ff96a250000 	C:\WINDOWS\SYSTEM32\windows.storage.dll
0x00007ff96d4f0000 - 0x00007ff96d5e6000 	C:\WINDOWS\System32\SHCORE.dll
0x00007ff96e870000 - 0x00007ff96e8d7000 	C:\WINDOWS\System32\shlwapi.dll
0x00007ff96bcf0000 - 0x00007ff96bd19000 	C:\WINDOWS\SYSTEM32\profapi.dll
0x00007ff945310000 - 0x00007ff945327000 	C:\Program Files\Eclipse Adoptium\jdk-26.0.1\bin\zip.dll
0x00007ff945170000 - 0x00007ff945182000 	C:\Program Files\Eclipse Adoptium\jdk-26.0.1\bin\net.dll
0x00007ff96b0d0000 - 0x00007ff96b13c000 	C:\WINDOWS\system32\mswsock.dll
0x00007ff943160000 - 0x00007ff943176000 	C:\Program Files\Eclipse Adoptium\jdk-26.0.1\bin\nio.dll
0x00007ff94c2e0000 - 0x00007ff94c2f0000 	C:\Program Files\Eclipse Adoptium\jdk-26.0.1\bin\verify.dll
0x00007ff9343e0000 - 0x00007ff934425000 	C:\Users\GUANTA\AppData\Roaming\Code\User\globalStorage\redhat.java\1.55.0\config_win\org.eclipse.equinox.launcher\org.eclipse.equinox.launcher.win32.win32.x86_64_1.3.100.v20260613-0559\eclipse_11924.dll
0x00007ff96b3c0000 - 0x00007ff96b3db000 	C:\WINDOWS\SYSTEM32\CRYPTSP.dll
0x00007ff96aac0000 - 0x00007ff96aaf9000 	C:\WINDOWS\system32\rsaenh.dll
0x00007ff96b180000 - 0x00007ff96b1b3000 	C:\WINDOWS\SYSTEM32\USERENV.dll
0x00007ff96bcc0000 - 0x00007ff96bcea000 	C:\WINDOWS\SYSTEM32\bcrypt.dll
0x00007ff96b3b0000 - 0x00007ff96b3bc000 	C:\WINDOWS\SYSTEM32\CRYPTBASE.dll
0x00007ff96a560000 - 0x00007ff96a593000 	C:\WINDOWS\SYSTEM32\IPHLPAPI.DLL
0x00007ff96cda0000 - 0x00007ff96cdaa000 	C:\WINDOWS\System32\NSI.dll
0x00007ff934e70000 - 0x00007ff934eb9000 	C:\Users\GUANTA\AppData\Local\Temp\jna-2113183048\jna15415444679245420396.dll
0x00007ff96e6a0000 - 0x00007ff96e6a8000 	C:\WINDOWS\System32\PSAPI.DLL
0x00007ff965d00000 - 0x00007ff965e29000 	C:\WINDOWS\SYSTEM32\winhttp.dll
0x00007ff966790000 - 0x00007ff9667ad000 	C:\WINDOWS\SYSTEM32\dhcpcsvc6.DLL
0x00007ff966020000 - 0x00007ff966045000 	C:\WINDOWS\SYSTEM32\dhcpcsvc.DLL
0x00007ff94c270000 - 0x00007ff94c27e000 	C:\Program Files\Eclipse Adoptium\jdk-26.0.1\bin\sunmscapi.dll
0x00007ff96c350000 - 0x00007ff96c4c8000 	C:\WINDOWS\System32\CRYPT32.dll
0x00007ff96b640000 - 0x00007ff96b670000 	C:\WINDOWS\SYSTEM32\ncrypt.dll
0x00007ff96b5f0000 - 0x00007ff96b62f000 	C:\WINDOWS\SYSTEM32\NTASN1.dll
0x00007ff96a5f0000 - 0x00007ff96a73a000 	C:\WINDOWS\SYSTEM32\DNSAPI.dll
0x00007ff96aef0000 - 0x00007ff96aefd000 	C:\WINDOWS\SYSTEM32\DSPARSE.dll
0x00007ff960080000 - 0x00007ff96008b000 	C:\Windows\System32\rasadhlp.dll
0x00007ff9652b0000 - 0x00007ff965336000 	C:\WINDOWS\System32\fwpuclnt.dll
0x00007ff94bcc0000 - 0x00007ff94bcc9000 	C:\Program Files\Eclipse Adoptium\jdk-26.0.1\bin\extnet.dll
0x00007ff92bf60000 - 0x00007ff92bf68000 	C:\WINDOWS\system32\wshunix.dll

JVMTI agents:
c:\Users\GUANTA\.vscode\extensions\redhat.java-1.55.0-win32-x64\lombok\lombok-1.18.39-4050.jar path:C:\Program Files\Eclipse Adoptium\jdk-26.0.1\bin\instrument.dll, loaded, initialized, instrumentlib options:none

dbghelp: loaded successfully - version: 4.0.5 - missing functions: none
symbol engine: initialized successfully - sym options: 0x614 - pdb path: .;C:\Program Files\Eclipse Adoptium\jdk-26.0.1\bin;C:\WINDOWS\SYSTEM32;C:\Program Files\Avast Software\Avast;C:\WINDOWS\WinSxS\amd64_microsoft.windows.common-controls_6595b64144ccf1df_6.0.26100.8521_none_3e08b75ce33403b3;C:\Program Files\Eclipse Adoptium\jdk-26.0.1\bin\server;C:\Users\GUANTA\AppData\Roaming\Code\User\globalStorage\redhat.java\1.55.0\config_win\org.eclipse.equinox.launcher\org.eclipse.equinox.launcher.win32.win32.x86_64_1.3.100.v20260613-0559;C:\Users\GUANTA\AppData\Local\Temp\jna-2113183048

VM Arguments:
jvm_args: -Djdk.xml.maxGeneralEntitySizeLimit=0 -Djdk.xml.totalEntitySizeLimit=0 --add-modules=ALL-SYSTEM --add-opens=java.base/java.util=ALL-UNNAMED --add-opens=java.base/java.lang=ALL-UNNAMED --add-opens=java.base/sun.nio.fs=ALL-UNNAMED -Declipse.application=org.eclipse.jdt.ls.core.id1 -Dosgi.bundles.defaultStartLevel=4 -Declipse.product=org.eclipse.jdt.ls.core.product -Djava.import.generatesMetadataFilesAtProjectRoot=false -DDetectVMInstallationsJob.disabled=true -Dfile.encoding=utf8 -XX:+UseParallelGC -XX:GCTimeRatio=4 -XX:AdaptiveSizePolicyWeight=90 -Dsun.zip.disableMemoryMapping=true -Xmx2G -Xms100m -Xlog:disable -javaagent:c:\Users\GUANTA\.vscode\extensions\redhat.java-1.55.0-win32-x64\lombok\lombok-1.18.39-4050.jar -XX:+HeapDumpOnOutOfMemoryError -XX:HeapDumpPath=c:\Users\GUANTA\AppData\Roaming\Code\User\workspaceStorage\f5468de67e34fb5035a42f7f67ba2b17\redhat.java -Daether.dependencyCollector.impl=bf 
java_command: c:\Users\GUANTA\.vscode\extensions\redhat.java-1.55.0-win32-x64\server\plugins\org.eclipse.equinox.launcher_1.7.200.v20260619-2039.jar -configuration c:\Users\GUANTA\AppData\Roaming\Code\User\globalStorage\redhat.java\1.55.0\config_win -data c:\Users\GUANTA\AppData\Roaming\Code\User\workspaceStorage\f5468de67e34fb5035a42f7f67ba2b17\redhat.java\jdt_ws --pipe=\\.\pipe\lsp-1ff6ed96681bdb90d3c7d19a32decda7-sock
java_class_path (initial): c:\Users\GUANTA\.vscode\extensions\redhat.java-1.55.0-win32-x64\server\plugins\org.eclipse.equinox.launcher_1.7.200.v20260619-2039.jar
Launcher Type: SUN_STANDARD

[Global flags]
     bool AOTAdapterCaching                        = false                                  {diagnostic} {ergonomic}
     bool AOTInvokeDynamicLinking                  = false                                  {diagnostic} {ergonomic}
     bool AOTRecordTraining                        = false                                  {diagnostic} {ergonomic}
     bool AOTReplayTraining                        = false                                  {diagnostic} {ergonomic}
     bool AOTStubCaching                           = false                                  {diagnostic} {ergonomic}
     uint AdaptiveSizePolicyWeight                 = 90                                        {product} {command line}
     intx CICompilerCount                          = 4                                         {product} {ergonomic}
     uint GCTimeRatio                              = 4                                         {product} {command line}
     bool HeapDumpOnOutOfMemoryError               = true                                   {manageable} {command line}
    ccstr HeapDumpPath                             = c:\Users\GUANTA\AppData\Roaming\Code\User\workspaceStorage\f5468de67e34fb5035a42f7f67ba2b17\redhat.java         {manageable} {command line}
   size_t InitialHeapSize                          = 104857600                                 {product} {command line}
     bool IntelJccErratumMitigation                = false                             {ARCH diagnostic} {ergonomic}
   size_t MaxHeapSize                              = 2147483648                                {product} {command line}
   size_t MaxNewSize                               = 715653120                                 {product} {ergonomic}
 uint64_t MaxRAM                                   = 17101590528                               {product} {ergonomic}
   size_t MinHeapDeltaBytes                        = 524288                                    {product} {ergonomic}
   size_t MinHeapSize                              = 104857600                                 {product} {command line}
   size_t NewSize                                  = 34603008                                  {product} {ergonomic}
   size_t NonNMethodCodeHeapSize                   = 5898240                                {pd product} {ergonomic}
   size_t NonProfiledCodeHeapSize                  = 122945536                              {pd product} {ergonomic}
   size_t ProfiledCodeHeapSize                     = 122945536                              {pd product} {ergonomic}
   size_t ReservedCodeCacheSize                    = 251789312                              {pd product} {ergonomic}
     bool SegmentedCodeCache                       = true                                      {product} {ergonomic}
   size_t SoftMaxHeapSize                          = 2147483648                             {manageable} {ergonomic}
     bool UseCompressedOops                        = true                           {product lp64_product} {ergonomic}
     bool UseFastUnorderedTimeStamps               = true                                 {experimental} {ergonomic}
     bool UseLargePagesIndividualAllocation        = false                                  {pd product} {ergonomic}
     bool UseParallelGC                            = true                                      {product} {command line}
      int X86ICacheSync                            = 3                                 {ARCH diagnostic} {ergonomic}

Logging:
Log output configuration:
 #0: stdout all=off uptime,level,tags foldmultilines=false
 #1: stderr all=off uptime,level,tags foldmultilines=false

Release file:
IMPLEMENTOR="Oracle Corporation" 
JAVA_RUNTIME_VERSION="26.0.1+8-34" 
JAVA_VERSION="26.0.1" 
JAVA_VERSION_DATE="2026-04-21" 
LIBC="default" 
MODULES="java.base java.compiler java.datatransfer java.xml java.prefs java.desktop java.instrument java.logging java.management java.security.sasl java.naming java.rmi java.management.rmi java.net.http java.scripting java.security.jgss java.transaction.xa java.sql java.sql.rowset java.xml.crypto java.se java.smartcardio jdk.accessibility jdk.internal.jvmstat jdk.attach jdk.charsets jdk.internal.opt jdk.zipfs jdk.compiler jdk.crypto.cryptoki jdk.crypto.ec jdk.crypto.mscapi jdk.dynalink jdk.internal.ed jdk.editpad jdk.internal.vm.ci jdk.graal.compiler jdk.graal.compiler.management jdk.hotspot.agent jdk.httpserver jdk.incubator.vector jdk.internal.le jdk.internal.md jdk.jartool jdk.javadoc jdk.jcmd jdk.management jdk.management.agent jdk.jconsole jdk.jdeps jdk.jdwp.agent jdk.jdi jdk.jfr jdk.jlink jdk.jpackage jdk.jshell jdk.jstatd jdk.localedata jdk.management.jfr jdk.naming.dns jdk.naming.rmi jdk.net jdk.nio.mapmode jdk.sctp jdk.security.auth jdk.security.jgss jdk.unsupported jdk.unsupported.desktop jdk.xml.dom" 
OS_ARCH="x86_64" 
OS_NAME="Windows" 
SOURCE=".:git:fcc00fc4aee7" 

Environment Variables:
PATH=C:\Python314\Scripts\;C:\Python314\;C:\Program Files (x86)\NVIDIA Corporation\PhysX\Common;C:\Program Files (x86)\Common Files\Oracle\Java\javapath;C:\WINDOWS\system32;C:\WINDOWS;C:\WINDOWS\System32\Wbem;C:\WINDOWS\System32\WindowsPowerShell\v1.0\;C:\WINDOWS\System32\OpenSSH\;C:\Program Files\dotnet\;C:\Program Files\Git\cmd;C:\ProgramData\chocolatey\bin;C:\Program Files\nodejs\;C:\Program Files\Docker\Docker\resources\bin;C:\Users\GUANTA\AppData\Local\Microsoft\WindowsApps;C:\Users\GUANTA\AppData\Local\Programs\Microsoft VS Code\bin;C:\Users\GUANTA\AppData\Roaming\npm;C:\Users\GUANTA\AppData\Local\Python\bin
USERNAME=GUANTA
OS=Windows_NT
PROCESSOR_IDENTIFIER=AMD64 Family 25 Model 33 Stepping 0, AuthenticAMD
TMP=C:\Users\GUANTA\AppData\Local\Temp
TEMP=C:\Users\GUANTA\AppData\Local\Temp




Compilation memory statistics disabled.

Periodic native trim disabled

---------------  S Y S T E M  ---------------

OS:
 Windows 11 , 64 bit Build 26100 (10.0.26100.8521)
OS uptime: 4 days 23:55 hours

CPU: total 12 (initial active 12) (6 cores per cpu, 2 threads per core) family 25 model 33 stepping 0 microcode 0xa201016, cx8, cmov, fxsr, ht, mmx, 3dnowpref, sse, sse2, sse3, ssse3, sse4a, sse4.1, sse4.2, popcnt, lzcnt, tsc, tscinvbit, avx, avx2, aes, erms, clmul, bmi1, bmi2, adx, sha, fma, vzeroupper, clflush, clflushopt, clwb, rdtscp, rdpid, fsrm, f16c, pku, cet_ss
Processor Information for the first 12 processors :
  Max Mhz: 3701, Current Mhz: 3701, Mhz Limit: 3701

Memory: 4k page, system-wide physical 16309M (1040M free)
TotalPageFile size 26451M (AvailPageFile size 14M)
current process WorkingSet (physical memory assigned to process): 210M, peak: 559M
current process commit charge ("private bytes"): 596M, peak: 611M

vm_info: OpenJDK 64-Bit Server VM (26.0.1+8-34) for windows-amd64 JRE (26.0.1+8-34), built on 2026-03-10T17:24:10Z with MS VC++ 17.13 (VS2022)

END.
